C:\USERS\ADMINISTRATOR.FIEFAMB4PH5NYEX\DOCUMENTS\VISUAL STUDIO 2012\PROJECTS\MULTITEMPLATEMATCH\MULTITEMPLATEMATCH\DEBUG\ADDGAUSSIAN.OBJ
C:\USERS\ADMINISTRATOR.FIEFAMB4PH5NYEX\DOCUMENTS\VISUAL STUDIO 2012\PROJECTS\MULTITEMPLATEMATCH\MULTITEMPLATEMATCH\DEBUG\DATASTRUCT.OBJ
C:\USERS\ADMINISTRATOR.FIEFAMB4PH5NYEX\DOCUMENTS\VISUAL STUDIO 2012\PROJECTS\MULTITEMPLATEMATCH\MULTITEMPLATEMATCH\DEBUG\GETFEATURE.OBJ
C:\USERS\ADMINISTRATOR.FIEFAMB4PH5NYEX\DOCUMENTS\VISUAL STUDIO 2012\PROJECTS\MULTITEMPLATEMATCH\MULTITEMPLATEMATCH\DEBUG\INITIALIZE.OBJ
C:\USERS\ADMINISTRATOR.FIEFAMB4PH5NYEX\DOCUMENTS\VISUAL STUDIO 2012\PROJECTS\MULTITEMPLATEMATCH\MULTITEMPLATEMATCH\DEBUG\MAINPROCESS.OBJ
C:\USERS\ADMINISTRATOR.FIEFAMB4PH5NYEX\DOCUMENTS\VISUAL STUDIO 2012\PROJECTS\MULTITEMPLATEMATCH\MULTITEMPLATEMATCH\DEBUG\VC110.PDB
C:\USERS\WULALA1119\DOCUMENTS\VISUAL STUDIO 2012\PROJECTS\MULTITEMPLATEMATCH\MULTITEMPLATEMATCH\DEBUG\ADDGAUSSIAN.OBJ
C:\USERS\WULALA1119\DOCUMENTS\VISUAL STUDIO 2012\PROJECTS\MULTITEMPLATEMATCH\MULTITEMPLATEMATCH\DEBUG\CALSIMILARITY.OBJ
C:\USERS\WULALA1119\DOCUMENTS\VISUAL STUDIO 2012\PROJECTS\MULTITEMPLATEMATCH\MULTITEMPLATEMATCH\DEBUG\DATASTRUCT.OBJ
C:\USERS\WULALA1119\DOCUMENTS\VISUAL STUDIO 2012\PROJECTS\MULTITEMPLATEMATCH\MULTITEMPLATEMATCH\DEBUG\GETFEATURE.OBJ
C:\USERS\WULALA1119\DOCUMENTS\VISUAL STUDIO 2012\PROJECTS\MULTITEMPLATEMATCH\MULTITEMPLATEMATCH\DEBUG\INITIALIZE.OBJ
C:\USERS\WULALA1119\DOCUMENTS\VISUAL STUDIO 2012\PROJECTS\MULTITEMPLATEMATCH\MULTITEMPLATEMATCH\DEBUG\MAINPROCESS.OBJ
C:\USERS\WULALA1119\DOCUMENTS\VISUAL STUDIO 2012\PROJECTS\MULTITEMPLATEMATCH\MULTITEMPLATEMATCH\DEBUG\TRACKING.OBJ
C:\USERS\WULALA1119\DOCUMENTS\VISUAL STUDIO 2012\PROJECTS\MULTITEMPLATEMATCH\MULTITEMPLATEMATCH\DEBUG\VC110.PDB
C:\USERS\ADMINISTRATOR.FIEFAMB4PH5NYEX\DOCUMENTS\VISUAL STUDIO 2012\PROJECTS\MULTITEMPLATEMATCH\DEBUG\MULTITEMPLATEMATCH.ILK
C:\USERS\ADMINISTRATOR.FIEFAMB4PH5NYEX\DOCUMENTS\VISUAL STUDIO 2012\PROJECTS\MULTITEMPLATEMATCH\DEBUG\MULTITEMPLATEMATCH.EXE
C:\USERS\ADMINISTRATOR.FIEFAMB4PH5NYEX\DOCUMENTS\VISUAL STUDIO 2012\PROJECTS\MULTITEMPLATEMATCH\DEBUG\MULTITEMPLATEMATCH.PDB
C:\USERS\WULALA1119\DOCUMENTS\VISUAL STUDIO 2012\PROJECTS\MULTITEMPLATEMATCH\DEBUG\MULTITEMPLATEMATCH.ILK
C:\USERS\WULALA1119\DOCUMENTS\VISUAL STUDIO 2012\PROJECTS\MULTITEMPLATEMATCH\DEBUG\MULTITEMPLATEMATCH.EXE
C:\USERS\WULALA1119\DOCUMENTS\VISUAL STUDIO 2012\PROJECTS\MULTITEMPLATEMATCH\DEBUG\MULTITEMPLATEMATCH.PDB
C:\Users\wulala1119\documents\visual studio 2012\Projects\MultiTemplateMatch\MultiTemplateMatch\Debug\addGaussian.obj
C:\Users\wulala1119\documents\visual studio 2012\Projects\MultiTemplateMatch\MultiTemplateMatch\Debug\calSimilarity.obj
C:\Users\wulala1119\documents\visual studio 2012\Projects\MultiTemplateMatch\MultiTemplateMatch\Debug\dataStruct.obj
C:\Users\wulala1119\documents\visual studio 2012\Projects\MultiTemplateMatch\MultiTemplateMatch\Debug\getFeature.obj
C:\Users\wulala1119\documents\visual studio 2012\Projects\MultiTemplateMatch\MultiTemplateMatch\Debug\initialize.obj
C:\Users\wulala1119\documents\visual studio 2012\Projects\MultiTemplateMatch\MultiTemplateMatch\Debug\mainProcess.obj
C:\Users\wulala1119\documents\visual studio 2012\Projects\MultiTemplateMatch\MultiTemplateMatch\Debug\onMouse.obj
C:\Users\wulala1119\documents\visual studio 2012\Projects\MultiTemplateMatch\MultiTemplateMatch\Debug\tracking.obj
C:\Users\wulala1119\documents\visual studio 2012\Projects\MultiTemplateMatch\MultiTemplateMatch\Debug\cl.command.1.tlog
C:\Users\wulala1119\documents\visual studio 2012\Projects\MultiTemplateMatch\MultiTemplateMatch\Debug\CL.read.1.tlog
C:\Users\wulala1119\documents\visual studio 2012\Projects\MultiTemplateMatch\MultiTemplateMatch\Debug\CL.write.1.tlog
C:\Users\wulala1119\documents\visual studio 2012\Projects\MultiTemplateMatch\MultiTemplateMatch\Debug\link-cvtres.read.1.tlog
C:\Users\wulala1119\documents\visual studio 2012\Projects\MultiTemplateMatch\MultiTemplateMatch\Debug\link-cvtres.write.1.tlog
C:\Users\wulala1119\documents\visual studio 2012\Projects\MultiTemplateMatch\MultiTemplateMatch\Debug\link-rc.read.1.tlog
C:\Users\wulala1119\documents\visual studio 2012\Projects\MultiTemplateMatch\MultiTemplateMatch\Debug\link-rc.write.1.tlog
C:\Users\wulala1119\documents\visual studio 2012\Projects\MultiTemplateMatch\MultiTemplateMatch\Debug\link.10540-cvtres.read.1.tlog
C:\Users\wulala1119\documents\visual studio 2012\Projects\MultiTemplateMatch\MultiTemplateMatch\Debug\link.10540-cvtres.write.1.tlog
C:\Users\wulala1119\documents\visual studio 2012\Projects\MultiTemplateMatch\MultiTemplateMatch\Debug\link.10540-rc.read.1.tlog
C:\Users\wulala1119\documents\visual studio 2012\Projects\MultiTemplateMatch\MultiTemplateMatch\Debug\link.10540-rc.write.1.tlog
C:\Users\wulala1119\documents\visual studio 2012\Projects\MultiTemplateMatch\MultiTemplateMatch\Debug\link.10540.read.1.tlog
C:\Users\wulala1119\documents\visual studio 2012\Projects\MultiTemplateMatch\MultiTemplateMatch\Debug\link.10540.write.1.tlog
C:\Users\wulala1119\documents\visual studio 2012\Projects\MultiTemplateMatch\MultiTemplateMatch\Debug\link.12132-cvtres.read.1.tlog
C:\Users\wulala1119\documents\visual studio 2012\Projects\MultiTemplateMatch\MultiTemplateMatch\Debug\link.12132-cvtres.write.1.tlog
C:\Users\wulala1119\documents\visual studio 2012\Projects\MultiTemplateMatch\MultiTemplateMatch\Debug\link.12132-rc.read.1.tlog
C:\Users\wulala1119\documents\visual studio 2012\Projects\MultiTemplateMatch\MultiTemplateMatch\Debug\link.12132-rc.write.1.tlog
C:\Users\wulala1119\documents\visual studio 2012\Projects\MultiTemplateMatch\MultiTemplateMatch\Debug\link.12132.read.1.tlog
C:\Users\wulala1119\documents\visual studio 2012\Projects\MultiTemplateMatch\MultiTemplateMatch\Debug\link.12132.write.1.tlog
C:\Users\wulala1119\documents\visual studio 2012\Projects\MultiTemplateMatch\MultiTemplateMatch\Debug\link.20940-cvtres.read.1.tlog
C:\Users\wulala1119\documents\visual studio 2012\Projects\MultiTemplateMatch\MultiTemplateMatch\Debug\link.20940-cvtres.write.1.tlog
C:\Users\wulala1119\documents\visual studio 2012\Projects\MultiTemplateMatch\MultiTemplateMatch\Debug\link.20940-rc.read.1.tlog
C:\Users\wulala1119\documents\visual studio 2012\Projects\MultiTemplateMatch\MultiTemplateMatch\Debug\link.20940-rc.write.1.tlog
C:\Users\wulala1119\documents\visual studio 2012\Projects\MultiTemplateMatch\MultiTemplateMatch\Debug\link.20940.read.1.tlog
C:\Users\wulala1119\documents\visual studio 2012\Projects\MultiTemplateMatch\MultiTemplateMatch\Debug\link.20940.write.1.tlog
C:\Users\wulala1119\documents\visual studio 2012\Projects\MultiTemplateMatch\MultiTemplateMatch\Debug\link.2152-cvtres.read.1.tlog
C:\Users\wulala1119\documents\visual studio 2012\Projects\MultiTemplateMatch\MultiTemplateMatch\Debug\link.2152-cvtres.write.1.tlog
C:\Users\wulala1119\documents\visual studio 2012\Projects\MultiTemplateMatch\MultiTemplateMatch\Debug\link.2152-rc.read.1.tlog
C:\Users\wulala1119\documents\visual studio 2012\Projects\MultiTemplateMatch\MultiTemplateMatch\Debug\link.2152-rc.write.1.tlog
C:\Users\wulala1119\documents\visual studio 2012\Projects\MultiTemplateMatch\MultiTemplateMatch\Debug\link.2152.read.1.tlog
C:\Users\wulala1119\documents\visual studio 2012\Projects\MultiTemplateMatch\MultiTemplateMatch\Debug\link.2152.write.1.tlog
C:\Users\wulala1119\documents\visual studio 2012\Projects\MultiTemplateMatch\MultiTemplateMatch\Debug\link.8292-cvtres.read.1.tlog
C:\Users\wulala1119\documents\visual studio 2012\Projects\MultiTemplateMatch\MultiTemplateMatch\Debug\link.8292-cvtres.write.1.tlog
C:\Users\wulala1119\documents\visual studio 2012\Projects\MultiTemplateMatch\MultiTemplateMatch\Debug\link.8292-rc.read.1.tlog
C:\Users\wulala1119\documents\visual studio 2012\Projects\MultiTemplateMatch\MultiTemplateMatch\Debug\link.8292-rc.write.1.tlog
C:\Users\wulala1119\documents\visual studio 2012\Projects\MultiTemplateMatch\MultiTemplateMatch\Debug\link.8292.read.1.tlog
C:\Users\wulala1119\documents\visual studio 2012\Projects\MultiTemplateMatch\MultiTemplateMatch\Debug\link.8292.write.1.tlog
C:\Users\wulala1119\documents\visual studio 2012\Projects\MultiTemplateMatch\MultiTemplateMatch\Debug\link.9384-cvtres.read.1.tlog
C:\Users\wulala1119\documents\visual studio 2012\Projects\MultiTemplateMatch\MultiTemplateMatch\Debug\link.9384-cvtres.write.1.tlog
C:\Users\wulala1119\documents\visual studio 2012\Projects\MultiTemplateMatch\MultiTemplateMatch\Debug\link.9384-rc.read.1.tlog
C:\Users\wulala1119\documents\visual studio 2012\Projects\MultiTemplateMatch\MultiTemplateMatch\Debug\link.9384-rc.write.1.tlog
C:\Users\wulala1119\documents\visual studio 2012\Projects\MultiTemplateMatch\MultiTemplateMatch\Debug\link.9384.read.1.tlog
C:\Users\wulala1119\documents\visual studio 2012\Projects\MultiTemplateMatch\MultiTemplateMatch\Debug\link.9384.write.1.tlog
C:\Users\wulala1119\documents\visual studio 2012\Projects\MultiTemplateMatch\MultiTemplateMatch\Debug\link.command.1.tlog
C:\Users\wulala1119\documents\visual studio 2012\Projects\MultiTemplateMatch\MultiTemplateMatch\Debug\link.read.1.tlog
C:\Users\wulala1119\documents\visual studio 2012\Projects\MultiTemplateMatch\MultiTemplateMatch\Debug\link.write.1.tlog
C:\Users\wulala1119\documents\visual studio 2012\Projects\MultiTemplateMatch\MultiTemplateMatch\Debug\vc110.idb
C:\Users\wulala1119\documents\visual studio 2012\Projects\MultiTemplateMatch\MultiTemplateMatch\Debug\vc110.pdb
C:\Users\wulala1119\documents\visual studio 2012\Projects\MultiTemplateMatch\Debug\MultiTemplateMatch.pdb
C:\Users\wulala1119\documents\visual studio 2012\Projects\MultiTemplateMatch\Debug\MultiTemplateMatch.exe
C:\Users\wulala1119\documents\visual studio 2012\Projects\MultiTemplateMatch\Debug\MultiTemplateMatch.ilk
